This is pdfTeX, Version 3.1415926-2.3-1.40.12 (MiKTeX 2.9) (preloaded format=pdflatex 2012.12.3)  15 MAY 2013 13:01
entering extended mode
**document.tex
(C:\Users\Vadim\workspace\MultiplayerGames\document.tex
LaTeX2e <2011/06/27>
Babel <v3.8m> and hyphenation patterns for english, afrikaans, ancientgreek, ar
abic, armenian, assamese, basque, bengali, bokmal, bulgarian, catalan, coptic, 
croatian, czech, danish, dutch, esperanto, estonian, farsi, finnish, french, ga
lician, german, german-x-2009-06-19, greek, gujarati, hindi, hungarian, iceland
ic, indonesian, interlingua, irish, italian, kannada, kurmanji, lao, latin, lat
vian, lithuanian, malayalam, marathi, mongolian, mongolianlmc, monogreek, ngerm
an, ngerman-x-2009-06-19, nynorsk, oriya, panjabi, pinyin, polish, portuguese, 
romanian, russian, sanskrit, serbian, slovak, slovenian, spanish, swedish, swis
sgerman, tamil, telugu, turkish, turkmen, ukenglish, ukrainian, uppersorbian, u
senglishmax, welsh, loaded.
("C:\Program Files (x86)\MiKTeX 2.9\tex\latex\base\article.cls"
Document Class: article 2007/10/19 v1.4h Standard LaTeX document class
("C:\Program Files (x86)\MiKTeX 2.9\tex\latex\base\size10.clo"
File: size10.clo 2007/10/19 v1.4h Standard LaTeX file (size option)
)
\c@part=\count79
\c@section=\count80
\c@subsection=\count81
\c@subsubsection=\count82
\c@paragraph=\count83
\c@subparagraph=\count84
\c@figure=\count85
\c@table=\count86
\abovecaptionskip=\skip41
\belowcaptionskip=\skip42
\bibindent=\dimen102
)
("C:\Program Files (x86)\MiKTeX 2.9\tex\latex\geometry\geometry.sty"
Package: geometry 2010/09/12 v5.6 Page Geometry

("C:\Program Files (x86)\MiKTeX 2.9\tex\latex\graphics\keyval.sty"
Package: keyval 1999/03/16 v1.13 key=value parser (DPC)
\KV@toks@=\toks14
)
("C:\Program Files (x86)\MiKTeX 2.9\tex\generic\oberdiek\ifpdf.sty"
Package: ifpdf 2011/01/30 v2.3 Provides the ifpdf switch (HO)
Package ifpdf Info: pdfTeX in PDF mode is detected.
)
("C:\Program Files (x86)\MiKTeX 2.9\tex\generic\oberdiek\ifvtex.sty"
Package: ifvtex 2010/03/01 v1.5 Detect VTeX and its facilities (HO)
Package ifvtex Info: VTeX not detected.
)
("C:\Program Files (x86)\MiKTeX 2.9\tex\generic\ifxetex\ifxetex.sty"
Package: ifxetex 2010/09/12 v0.6 Provides ifxetex conditional
)
\Gm@cnth=\count87
\Gm@cntv=\count88
\c@Gm@tempcnt=\count89
\Gm@bindingoffset=\dimen103
\Gm@wd@mp=\dimen104
\Gm@odd@mp=\dimen105
\Gm@even@mp=\dimen106
\Gm@layoutwidth=\dimen107
\Gm@layoutheight=\dimen108
\Gm@layouthoffset=\dimen109
\Gm@layoutvoffset=\dimen110
\Gm@dimlist=\toks15

("C:\Program Files (x86)\MiKTeX 2.9\tex\latex\geometry\geometry.cfg"))
("C:\Program Files (x86)\MiKTeX 2.9\tex\latex\natbib\natbib.sty"
Package: natbib 2010/09/13 8.31b (PWD, AO)
\bibhang=\skip43
\bibsep=\skip44
LaTeX Info: Redefining \cite on input line 694.
\c@NAT@ctr=\count90
)
("C:\Program Files (x86)\MiKTeX 2.9\tex\latex\graphics\graphicx.sty"
Package: graphicx 1999/02/16 v1.0f Enhanced LaTeX Graphics (DPC,SPQR)

("C:\Program Files (x86)\MiKTeX 2.9\tex\latex\graphics\graphics.sty"
Package: graphics 2009/02/05 v1.0o Standard LaTeX Graphics (DPC,SPQR)

("C:\Program Files (x86)\MiKTeX 2.9\tex\latex\graphics\trig.sty"
Package: trig 1999/03/16 v1.09 sin cos tan (DPC)
)
("C:\Program Files (x86)\MiKTeX 2.9\tex\latex\00miktex\graphics.cfg"
File: graphics.cfg 2007/01/18 v1.5 graphics configuration of teTeX/TeXLive
)
Package graphics Info: Driver file: pdftex.def on input line 91.

("C:\Program Files (x86)\MiKTeX 2.9\tex\latex\pdftex-def\pdftex.def"
File: pdftex.def 2011/05/27 v0.06d Graphics/color for pdfTeX

("C:\Program Files (x86)\MiKTeX 2.9\tex\generic\oberdiek\infwarerr.sty"
Package: infwarerr 2010/04/08 v1.3 Providing info/warning/error messages (HO)
)
("C:\Program Files (x86)\MiKTeX 2.9\tex\generic\oberdiek\ltxcmds.sty"
Package: ltxcmds 2011/11/09 v1.22 LaTeX kernel commands for general use (HO)
)
\Gread@gobject=\count91
))
\Gin@req@height=\dimen111
\Gin@req@width=\dimen112
)
(C:\Users\Vadim\workspace\MultiplayerGames\document.aux

! Package natbib Error: Bibliography not compatible with author-year citations.

(natbib)                Press <return> to continue in numerical citation style.


See the natbib package documentation for explanation.
Type  H <return>  for immediate help.
 ...                                              
                                                  
l.160 ...and\NAT@force@numbers{}\NAT@force@numbers
                                                  
Check the bibliography entries for non-compliant syntax,
or select author-year BibTeX style, e.g. plainnat

)
LaTeX Font Info:    Checking defaults for OML/cmm/m/it on input line 34.
LaTeX Font Info:    ... okay on input line 34.
LaTeX Font Info:    Checking defaults for T1/cmr/m/n on input line 34.
LaTeX Font Info:    ... okay on input line 34.
LaTeX Font Info:    Checking defaults for OT1/cmr/m/n on input line 34.
LaTeX Font Info:    ... okay on input line 34.
LaTeX Font Info:    Checking defaults for OMS/cmsy/m/n on input line 34.
LaTeX Font Info:    ... okay on input line 34.
LaTeX Font Info:    Checking defaults for OMX/cmex/m/n on input line 34.
LaTeX Font Info:    ... okay on input line 34.
LaTeX Font Info:    Checking defaults for U/cmr/m/n on input line 34.
LaTeX Font Info:    ... okay on input line 34.

*geometry* driver: auto-detecting
*geometry* detected driver: pdftex
*geometry* verbose mode - [ preamble ] result:
* driver: pdftex
* paper: a4paper
* layout: <same size as paper>
* layoutoffset:(h,v)=(0.0pt,0.0pt)
* modes: 
* h-part:(L,W,R)=(56.9055pt, 483.69687pt, 56.9055pt)
* v-part:(T,H,B)=(85.35826pt, 674.33032pt, 85.35826pt)
* \paperwidth=597.50787pt
* \paperheight=845.04684pt
* \textwidth=483.69687pt
* \textheight=674.33032pt
* \oddsidemargin=-15.36449pt
* \evensidemargin=-15.36449pt
* \topmargin=-23.91173pt
* \headheight=12.0pt
* \headsep=25.0pt
* \topskip=10.0pt
* \footskip=30.0pt
* \marginparwidth=65.0pt
* \marginparsep=11.0pt
* \columnsep=10.0pt
* \skip\footins=9.0pt plus 4.0pt minus 2.0pt
* \hoffset=0.0pt
* \voffset=0.0pt
* \mag=1000
* \@twocolumnfalse
* \@twosidefalse
* \@mparswitchfalse
* \@reversemarginfalse
* (1in=72.27pt=25.4mm, 1cm=28.453pt)

("C:\Program Files (x86)\MiKTeX 2.9\tex\context\base\supp-pdf.mkii"
[Loading MPS to PDF converter (version 2006.09.02).]
\scratchcounter=\count92
\scratchdimen=\dimen113
\scratchbox=\box26
\nofMPsegments=\count93
\nofMParguments=\count94
\everyMPshowfont=\toks16
\MPscratchCnt=\count95
\MPscratchDim=\dimen114
\MPnumerator=\count96
\makeMPintoPDFobject=\count97
\everyMPtoPDFconversion=\toks17
)
LaTeX Font Info:    External font `cmex10' loaded for size
(Font)              <12> on input line 36.
LaTeX Font Info:    External font `cmex10' loaded for size
(Font)              <8> on input line 36.
LaTeX Font Info:    External font `cmex10' loaded for size
(Font)              <6> on input line 36.
 (C:\Users\Vadim\workspace\MultiplayerGames\document.toc
LaTeX Font Info:    External font `cmex10' loaded for size
(Font)              <7> on input line 3.
LaTeX Font Info:    External font `cmex10' loaded for size
(Font)              <5> on input line 3.
 [1

{C:/ProgramData/MiKTeX/2.9/pdftex/config/pdftex.map}])
\tf@toc=\write3
 [2]
Underfull \hbox (badness 10000) in paragraph at lines 64--70

 []


Underfull \hbox (badness 10000) in paragraph at lines 71--76

 []


Underfull \hbox (badness 10000) in paragraph at lines 77--82

 []


Underfull \hbox (badness 10000) in paragraph at lines 83--87

 []


Underfull \hbox (badness 10000) in paragraph at lines 88--91

 []


Underfull \hbox (badness 10000) in paragraph at lines 92--94

 []


Underfull \hbox (badness 10000) in paragraph at lines 100--103

 []


Underfull \hbox (badness 10000) in paragraph at lines 104--109

 []


Underfull \hbox (badness 10000) in paragraph at lines 110--119

 []


Underfull \hbox (badness 10000) in paragraph at lines 122--128

 []


Underfull \hbox (badness 10000) in paragraph at lines 129--131

 []


Underfull \hbox (badness 10000) in paragraph at lines 132--137

 []

[3]
Underfull \hbox (badness 10000) in paragraph at lines 140--146

 []


Underfull \hbox (badness 10000) in paragraph at lines 147--159

 []


Underfull \hbox (badness 10000) in paragraph at lines 166--168

 []


Underfull \hbox (badness 10000) in paragraph at lines 169--174

 []


Underfull \hbox (badness 10000) in paragraph at lines 175--179

 []


Underfull \hbox (badness 10000) in paragraph at lines 184--190

 []


Underfull \hbox (badness 10000) in paragraph at lines 209--215

 []

[4] [5]
Underfull \hbox (badness 10000) in paragraph at lines 314--325

 []


Underfull \hbox (badness 10000) in paragraph at lines 346--350

 []


Underfull \hbox (badness 10000) in paragraph at lines 351--354

 []

[6]
Underfull \hbox (badness 10000) in paragraph at lines 393--400

 []


Underfull \hbox (badness 10000) in paragraph at lines 401--403

 []


Underfull \hbox (badness 10000) in paragraph at lines 404--410

 []


Underfull \hbox (badness 10000) in paragraph at lines 422--430

 []


Underfull \hbox (badness 10000) in paragraph at lines 431--434

 []


Underfull \hbox (badness 10000) in paragraph at lines 436--441

 []

[7]
Underfull \hbox (badness 10000) in paragraph at lines 506--509

 []


Underfull \hbox (badness 10000) in paragraph at lines 510--514

 []

[8]
Overfull \hbox (35.3181pt too wide) in paragraph at lines 545--553
[]\OT1/cmr/m/n/10 Extensive doc-u-men-ta-tion has been found from re-search don
e on education-oriented GPS-games.([])([])([])([])([])([]),
 []


Underfull \hbox (badness 10000) in paragraph at lines 545--553

 []


Underfull \hbox (badness 10000) in paragraph at lines 554--558

 []


Underfull \hbox (badness 10000) in paragraph at lines 559--563

 []

[9]
Underfull \hbox (badness 10000) in paragraph at lines 604--607

 []


Underfull \hbox (badness 10000) in paragraph at lines 608--609

 []

[10]
Underfull \hbox (badness 10000) in paragraph at lines 713--717

 []


Underfull \hbox (badness 10000) in paragraph at lines 734--738

 []


Underfull \hbox (badness 10000) in paragraph at lines 739--751

 []

[11]
Underfull \hbox (badness 10000) in paragraph at lines 754--759

 []


Underfull \hbox (badness 10000) in paragraph at lines 760--768

 []


Underfull \hbox (badness 10000) in paragraph at lines 769--773

 []

[12]
Underfull \hbox (badness 10000) in paragraph at lines 860--866

 []


Underfull \hbox (badness 10000) in paragraph at lines 867--885

 []


Underfull \hbox (badness 10000) in paragraph at lines 886--894

 []

[13]
Underfull \hbox (badness 10000) in paragraph at lines 895--913

 []


Underfull \hbox (badness 10000) in paragraph at lines 914--919

 []


Underfull \hbox (badness 10000) in paragraph at lines 938--942

 []


Underfull \hbox (badness 10000) in paragraph at lines 946--952

 []


Underfull \hbox (badness 10000) in paragraph at lines 953--962

 []


Underfull \hbox (badness 10000) in paragraph at lines 963--972

 []

[14]
Underfull \hbox (badness 10000) in paragraph at lines 973--982

 []


Underfull \hbox (badness 10000) in paragraph at lines 983--990

 []


Underfull \hbox (badness 10000) in paragraph at lines 1025--1029

 []


Underfull \hbox (badness 10000) in paragraph at lines 1031--1038

 []

[15]
Underfull \hbox (badness 10000) in paragraph at lines 1065--1070

 []

[16]
Underfull \hbox (badness 10000) in paragraph at lines 1135--1137

 []


Underfull \hbox (badness 10000) in paragraph at lines 1138--1147

 []


Underfull \hbox (badness 10000) in paragraph at lines 1175--1181

 []

[17]
Underfull \hbox (badness 10000) in paragraph at lines 1182--1186

 []


Underfull \hbox (badness 10000) in paragraph at lines 1218--1220

 []

[18]
Underfull \hbox (badness 10000) in paragraph at lines 1282--1298

 []


Underfull \hbox (badness 10000) in paragraph at lines 1299--1301

 []


Underfull \hbox (badness 10000) in paragraph at lines 1302--1308

 []


Underfull \hbox (badness 10000) in paragraph at lines 1309--1322

 []


Underfull \hbox (badness 10000) in paragraph at lines 1323--1325

 []

[19] [20]
Underfull \hbox (badness 10000) in paragraph at lines 1412--1415

 []


Underfull \hbox (badness 10000) in paragraph at lines 1416--1422

 []


Underfull \hbox (badness 10000) in paragraph at lines 1423--1450

 []


LaTeX Warning: Reference `fig:game_logo' on page 21 undefined on input line 147
3.

[21]

LaTeX Warning: Reference `fig:game_background_black' on page 22 undefined on in
put line 1493.


LaTeX Warning: Reference `fig:game_background_white' on page 22 undefined on in
put line 1493.


LaTeX Warning: Reference `fig:game_background_lobby_settings' on page 22 undefi
ned on input line 1497.


Underfull \hbox (badness 10000) in paragraph at lines 1516--1523

 []


Underfull \hbox (badness 10000) in paragraph at lines 1524--1537

 []


Underfull \hbox (badness 10000) in paragraph at lines 1538--1543

 []


Underfull \hbox (badness 10000) in paragraph at lines 1544--1546

 []

<./images/android_screenshots/tutorial_game.png, id=73, 963.6pt x 578.16pt>
File: ./images/android_screenshots/tutorial_game.png Graphic file (type png)

<use ./images/android_screenshots/tutorial_game.png>
Package pdftex.def Info: ./images/android_screenshots/tutorial_game.png used on
 input line 1548.
(pdftex.def)             Requested size: 514.57256pt x 289.07928pt.

Overfull \hbox (30.87569pt too wide) in paragraph at lines 1548--1549
[][][] 
 []

[22] [23 <C:/Users/Vadim/workspace/MultiplayerGames/images/android_screenshots/
tutorial_game.png>]
Underfull \hbox (badness 10000) in paragraph at lines 1621--1630

 []


Underfull \hbox (badness 10000) in paragraph at lines 1631--1636

 []


Underfull \hbox (badness 10000) in paragraph at lines 1637--1650

 []


Underfull \hbox (badness 10000) in paragraph at lines 1670--1674

 []


Underfull \hbox (badness 10000) in paragraph at lines 1675--1677

 []


Underfull \hbox (badness 10000) in paragraph at lines 1678--1684

 []


Underfull \hbox (badness 10000) in paragraph at lines 1686--1698

 []

[24]
Underfull \hbox (badness 10000) in paragraph at lines 1699--1704

 []


Underfull \hbox (badness 10000) in paragraph at lines 1705--1707

 []


Underfull \hbox (badness 10000) in paragraph at lines 1718--1723

 []


Underfull \hbox (badness 10000) in paragraph at lines 1747--1750

 []


Underfull \hbox (badness 10000) in paragraph at lines 1751--1753

 []


Underfull \hbox (badness 10000) in paragraph at lines 1754--1759

 []

[25]
Underfull \hbox (badness 10000) in paragraph at lines 1760--1780

 []


Underfull \hbox (badness 10000) in paragraph at lines 1781--1783

 []


<./images/android_screenshots/ui_prototype/UI_prototype_1.png, id=91, 1284.8pt 
x 770.88pt>
File: ./images/android_screenshots/ui_prototype/UI_prototype_1.png Graphic file
 (type png)
 <use ./images/android_screenshots/ui_prototype/UI_prototype_1.png>
Package pdftex.def Info: ./images/android_screenshots/ui_prototype/UI_prototype
_1.png used on input line 1786.
(pdftex.def)             Requested size: 514.57745pt x 289.07928pt.

Overfull \hbox (30.88058pt too wide) in paragraph at lines 1786--1787
[][][] 
 []


<./images/android_screenshots/ui_prototype/UI_prototype_2.png, id=92, 1284.8pt 
x 770.88pt>
File: ./images/android_screenshots/ui_prototype/UI_prototype_2.png Graphic file
 (type png)
 <use ./images/android_screenshots/ui_prototype/UI_prototype_2.png>
Package pdftex.def Info: ./images/android_screenshots/ui_prototype/UI_prototype
_2.png used on input line 1791.
(pdftex.def)             Requested size: 514.57745pt x 289.07928pt.

Overfull \hbox (30.88058pt too wide) in paragraph at lines 1791--1792
[][][] 
 []


<./images/android_screenshots/ui_prototype/UI_prototype_3.png, id=93, 1284.8pt 
x 770.88pt>
File: ./images/android_screenshots/ui_prototype/UI_prototype_3.png Graphic file
 (type png)
 <use ./images/android_screenshots/ui_prototype/UI_prototype_3.png>
Package pdftex.def Info: ./images/android_screenshots/ui_prototype/UI_prototype
_3.png used on input line 1796.
(pdftex.def)             Requested size: 514.57745pt x 289.07928pt.

Overfull \hbox (30.88058pt too wide) in paragraph at lines 1796--1797
[][][] 
 []


<./images/android_screenshots/ui_prototype/UI_prototype_4.png, id=94, 1284.8pt 
x 770.88pt>
File: ./images/android_screenshots/ui_prototype/UI_prototype_4.png Graphic file
 (type png)
 <use ./images/android_screenshots/ui_prototype/UI_prototype_4.png>
Package pdftex.def Info: ./images/android_screenshots/ui_prototype/UI_prototype
_4.png used on input line 1801.
(pdftex.def)             Requested size: 514.57745pt x 289.07928pt.

Overfull \hbox (30.88058pt too wide) in paragraph at lines 1801--1802
[][][] 
 []


<./images/android_screenshots/ui_prototype/UI_prototype_5.png, id=95, 1284.8pt 
x 770.88pt>
File: ./images/android_screenshots/ui_prototype/UI_prototype_5.png Graphic file
 (type png)
 <use ./images/android_screenshots/ui_prototype/UI_prototype_5.png>
Package pdftex.def Info: ./images/android_screenshots/ui_prototype/UI_prototype
_5.png used on input line 1806.
(pdftex.def)             Requested size: 514.57745pt x 289.07928pt.

Overfull \hbox (30.88058pt too wide) in paragraph at lines 1806--1807
[][][] 
 []


<./images/android_screenshots/menu_prototype/MENU_prototype_1.png, id=96, 1284.
8pt x 770.88pt>
File: ./images/android_screenshots/menu_prototype/MENU_prototype_1.png Graphic 
file (type png)

<use ./images/android_screenshots/menu_prototype/MENU_prototype_1.png>
Package pdftex.def Info: ./images/android_screenshots/menu_prototype/MENU_proto
type_1.png used on input line 1825.
(pdftex.def)             Requested size: 514.57745pt x 289.07928pt.

Overfull \hbox (30.88058pt too wide) in paragraph at lines 1825--1826
[][][] 
 []


<./images/android_screenshots/menu_prototype/MENU_prototype_2.png, id=97, 1284.
8pt x 770.88pt>
File: ./images/android_screenshots/menu_prototype/MENU_prototype_2.png Graphic 
file (type png)

<use ./images/android_screenshots/menu_prototype/MENU_prototype_2.png>
Package pdftex.def Info: ./images/android_screenshots/menu_prototype/MENU_proto
type_2.png used on input line 1830.
(pdftex.def)             Requested size: 514.57745pt x 289.07928pt.

Overfull \hbox (30.88058pt too wide) in paragraph at lines 1830--1831
[][][] 
 []


Underfull \hbox (badness 10000) in paragraph at lines 1834--1836

 []

[26 <C:/Users/Vadim/workspace/MultiplayerGames/images/android_screenshots/ui_pr
ototype/UI_prototype_1.png>] [27 <C:/Users/Vadim/workspace/MultiplayerGames/ima
ges/android_screenshots/ui_prototype/UI_prototype_2.png> <C:/Users/Vadim/worksp
ace/MultiplayerGames/images/android_screenshots/ui_prototype/UI_prototype_3.png
>] [28 <C:/Users/Vadim/workspace/MultiplayerGames/images/android_screenshots/ui
_prototype/UI_prototype_4.png> <C:/Users/Vadim/workspace/MultiplayerGames/image
s/android_screenshots/ui_prototype/UI_prototype_5.png>] [29 <C:/Users/Vadim/wor
kspace/MultiplayerGames/images/android_screenshots/menu_prototype/MENU_prototyp
e_1.png> <C:/Users/Vadim/workspace/MultiplayerGames/images/android_screenshots/
menu_prototype/MENU_prototype_2.png>]
Underfull \hbox (badness 10000) in paragraph at lines 1837--1845

 []


<./images/android_screenshots/tutorial_main_settings.png, id=110, 289.08pt x 17
3.89969pt>
File: ./images/android_screenshots/tutorial_main_settings.png Graphic file (typ
e png)
 <use ./images/android_screenshots/tutorial_main_settings.png>
Package pdftex.def Info: ./images/android_screenshots/tutorial_main_settings.pn
g used on input line 1847.
(pdftex.def)             Requested size: 514.59164pt x 289.11917pt.

Overfull \hbox (30.89478pt too wide) in paragraph at lines 1847--1849
[][][] 
 []


Underfull \hbox (badness 10000) in paragraph at lines 1852--1862

 []


<./images/android_screenshots/tutorial_loading.png, id=111, 1284.8pt x 770.88pt
>
File: ./images/android_screenshots/tutorial_loading.png Graphic file (type png)

 <use ./images/android_screenshots/tutorial_loading.png>
Package pdftex.def Info: ./images/android_screenshots/tutorial_loading.png used
 on input line 1864.
(pdftex.def)             Requested size: 514.57745pt x 289.07928pt.

Overfull \hbox (30.88058pt too wide) in paragraph at lines 1864--1866
[][][] 
 []


<./images/android_screenshots/first_development/game_first_development_9.png, i
d=112, 1284.8pt x 770.88pt>
File: ./images/android_screenshots/first_development/game_first_development_9.p
ng Graphic file (type png)

<use ./images/android_screenshots/first_development/game_first_development_9.pn
g>
Package pdftex.def Info: ./images/android_screenshots/first_development/game_fi
rst_development_9.png used on input line 1879.
(pdftex.def)             Requested size: 514.57745pt x 289.07928pt.

Overfull \hbox (30.88058pt too wide) in paragraph at lines 1879--1881
[][][] 
 []


<./images/android_screenshots/first_development/game_first_development_10.png, 
id=113, 1284.8pt x 770.88pt>
File: ./images/android_screenshots/first_development/game_first_development_10.
png Graphic file (type png)

<use ./images/android_screenshots/first_development/game_first_development_10.p
ng>
Package pdftex.def Info: ./images/android_screenshots/first_development/game_fi
rst_development_10.png used on input line 1885.
(pdftex.def)             Requested size: 514.57745pt x 289.07928pt.

Overfull \hbox (30.88058pt too wide) in paragraph at lines 1885--1888
[][][] 
 []


Underfull \hbox (badness 10000) in paragraph at lines 1891--1900

 []

[30 <C:/Users/Vadim/workspace/MultiplayerGames/images/android_screenshots/tutor
ial_main_settings.png>] [31 <C:/Users/Vadim/workspace/MultiplayerGames/images/a
ndroid_screenshots/tutorial_loading.png> <C:/Users/Vadim/workspace/MultiplayerG
ames/images/android_screenshots/first_development/game_first_development_9.png>
]
Underfull \hbox (badness 10000) in paragraph at lines 1903--1908

 []


Underfull \hbox (badness 10000) in paragraph at lines 1909--1913

 []


Underfull \hbox (badness 10000) in paragraph at lines 1925--1935

 []

[32 <C:/Users/Vadim/workspace/MultiplayerGames/images/android_screenshots/first
_development/game_first_development_10.png>]
Underfull \hbox (badness 10000) in paragraph at lines 1940--1942

 []


Underfull \hbox (badness 10000) in paragraph at lines 1943--1950

 []


Underfull \hbox (badness 10000) in paragraph at lines 1951--1975

 []


<./images/android_screenshots/second_development/game_second_development_5.png,
 id=125, 1284.8pt x 770.88pt>
File: ./images/android_screenshots/second_development/game_second_development_5
.png Graphic file (type png)

<use ./images/android_screenshots/second_development/game_second_development_5.
png>
Package pdftex.def Info: ./images/android_screenshots/second_development/game_s
econd_development_5.png used on input line 1978.
(pdftex.def)             Requested size: 514.57745pt x 289.07928pt.

Overfull \hbox (30.88058pt too wide) in paragraph at lines 1978--1979
[][][] 
 []

<./images/android_screenshots/logo_white.png, id=126, 1284.8pt x 770.88pt>
File: ./images/android_screenshots/logo_white.png Graphic file (type png)

<use ./images/android_screenshots/logo_white.png>
Package pdftex.def Info: ./images/android_screenshots/logo_white.png used on in
put line 2010.
(pdftex.def)             Requested size: 514.57745pt x 289.07928pt.

Overfull \hbox (30.88058pt too wide) in paragraph at lines 2010--2011
[][][] 
 []


<./images/android_screenshots/tutorial_fragment_1.png, id=127, 1284.8pt x 770.8
8pt>
File: ./images/android_screenshots/tutorial_fragment_1.png Graphic file (type p
ng)
 <use ./images/android_screenshots/tutorial_fragment_1.png>
Package pdftex.def Info: ./images/android_screenshots/tutorial_fragment_1.png u
sed on input line 2015.
(pdftex.def)             Requested size: 514.57745pt x 289.07928pt.

Overfull \hbox (30.88058pt too wide) in paragraph at lines 2015--2017
[][][] 
 []


<./images/android_screenshots/tutorial_fragment_2.png, id=128, 1284.8pt x 770.8
8pt>
File: ./images/android_screenshots/tutorial_fragment_2.png Graphic file (type p
ng)
 <use ./images/android_screenshots/tutorial_fragment_2.png>
Package pdftex.def Info: ./images/android_screenshots/tutorial_fragment_2.png u
sed on input line 2021.
(pdftex.def)             Requested size: 514.57745pt x 289.07928pt.

Overfull \hbox (30.88058pt too wide) in paragraph at lines 2021--2023
[][][] 
 []

[33] [34 <C:/Users/Vadim/workspace/MultiplayerGames/images/android_screenshots/
second_development/game_second_development_5.png> <C:/Users/Vadim/workspace/Mul
tiplayerGames/images/android_screenshots/logo_white.png>] [35 <C:/Users/Vadim/w
orkspace/MultiplayerGames/images/android_screenshots/tutorial_fragment_1.png> <
C:/Users/Vadim/workspace/MultiplayerGames/images/android_screenshots/tutorial_f
ragment_2.png>]
Underfull \hbox (badness 10000) in paragraph at lines 2059--2072

 []


Underfull \hbox (badness 10000) in paragraph at lines 2082--2083

 []


Underfull \hbox (badness 10000) in paragraph at lines 2084--2085

 []


Underfull \hbox (badness 10000) in paragraph at lines 2086--2087

 []


Underfull \hbox (badness 10000) in paragraph at lines 2088--2089

 []


Underfull \hbox (badness 10000) in paragraph at lines 2090--2091

 []


Underfull \hbox (badness 10000) in paragraph at lines 2092--2093

 []


Underfull \hbox (badness 10000) in paragraph at lines 2094--2095

 []


Underfull \hbox (badness 10000) in paragraph at lines 2096--2097

 []


Underfull \hbox (badness 10000) in paragraph at lines 2098--2099

 []


Underfull \hbox (badness 10000) in paragraph at lines 2100--2101

 []


Underfull \hbox (badness 10000) in paragraph at lines 2102--2103

 []


Underfull \hbox (badness 10000) in paragraph at lines 2104--2106

 []


Underfull \hbox (badness 10000) in paragraph at lines 2107--2108

 []


Underfull \hbox (badness 10000) in paragraph at lines 2109--2110

 []


Underfull \hbox (badness 10000) in paragraph at lines 2111--2112

 []


Underfull \hbox (badness 10000) in paragraph at lines 2113--2114

 []


Underfull \hbox (badness 10000) in paragraph at lines 2115--2116

 []


Underfull \hbox (badness 10000) in paragraph at lines 2117--2119

 []


Underfull \hbox (badness 10000) in paragraph at lines 2120--2121

 []

[36]
Underfull \hbox (badness 10000) in paragraph at lines 2122--2123

 []


Overfull \hbox (22.34038pt too wide) in paragraph at lines 2150--2152
[][]\OT1/cmr/bx/n/10 Massively Mul-ti-player On-line Game \OT1/cmr/m/n/10 http:
//encyclopedia.thefreedictionary.com/Massively+Multiplayer+Online 
 []


Overfull \hbox (37.41493pt too wide) in paragraph at lines 2212--2214
[][]\OT1/cmr/bx/n/10 Location Based Game (Location-enabled Game \OT1/cmr/m/n/10
 http://encyclopedia.thefreedictionary.com/location+based+game 
 []

[37]
Underfull \hbox (badness 10000) in paragraph at lines 2226--2233

 []


Underfull \hbox (badness 10000) in paragraph at lines 2234--2238

 []


Underfull \hbox (badness 10000) in paragraph at lines 2239--2244

 []

<./images/websockets/WebSocketFrame.png, id=145, 722.7pt x 111.2958pt>
File: ./images/websockets/WebSocketFrame.png Graphic file (type png)

<use ./images/websockets/WebSocketFrame.png>
Package pdftex.def Info: ./images/websockets/WebSocketFrame.png used on input l
ine 2246.
(pdftex.def)             Requested size: 514.56519pt x 72.27347pt.

Overfull \hbox (30.86832pt too wide) in paragraph at lines 2246--2247
[][][] 
 []

<./images/websockets/poll-ws-compare.png, id=146, 378.66469pt x 271.0125pt>
File: ./images/websockets/poll-ws-compare.png Graphic file (type png)

<use ./images/websockets/poll-ws-compare.png>
Package pdftex.def Info: ./images/websockets/poll-ws-compare.png used on input 
line 2251.
(pdftex.def)             Requested size: 514.61314pt x 289.0914pt.

Overfull \hbox (30.91628pt too wide) in paragraph at lines 2251--2253
[][][] 
 []


Underfull \hbox (badness 10000) in paragraph at lines 2256--2259

 []


Underfull \hbox (badness 10000) in paragraph at lines 2261--2267

 []


Underfull \hbox (badness 10000) in paragraph at lines 2268--2272

 []


Underfull \hbox (badness 10000) in paragraph at lines 2282--2284

 []

[38 <C:/Users/Vadim/workspace/MultiplayerGames/images/websockets/WebSocketFrame
.png>]
Underfull \hbox (badness 10000) in paragraph at lines 2285--2290

 []

LaTeX Font Info:    Try loading font information for OMS+cmr on input line 2303
.
("C:\Program Files (x86)\MiKTeX 2.9\tex\latex\base\omscmr.fd"
File: omscmr.fd 1999/05/25 v2.5h Standard LaTeX font definitions
)
LaTeX Font Info:    Font shape `OMS/cmr/m/n' in size <10> not available
(Font)              Font shape `OMS/cmsy/m/n' tried instead on input line 2303.


Underfull \hbox (badness 10000) in paragraph at lines 2303--2307

 []

[39 <C:/Users/Vadim/workspace/MultiplayerGames/images/websockets/poll-ws-compar
e.png>]
Underfull \hbox (badness 10000) in paragraph at lines 2308--2316

 []


Overfull \hbox (6.69185pt too wide) in paragraph at lines 2340--2343
[][]\OT1/cmr/m/n/10 SHOOT : \OMS/cmsy/m/n/10 f\OT1/cmr/m/n/10 player: playerU-U
ID, tar-get: tar-ge-tU-UID, weapon: weapon-Name, dam-age: dam-ageAmount,
 []

<./images/diagrams/Client-Server.png, id=156, 723.70375pt x 766.865pt>
File: ./images/diagrams/Client-Server.png Graphic file (type png)

<use ./images/diagrams/Client-Server.png>
Package pdftex.def Info: ./images/diagrams/Client-Server.png used on input line
 2420.
(pdftex.def)             Requested size: 514.56209pt x 485.66672pt.

Overfull \hbox (30.86522pt too wide) in paragraph at lines 2420--2422
[][][] 
 []


Underfull \hbox (badness 10000) in paragraph at lines 2427--2431

 []

[40] [41 <C:/Users/Vadim/workspace/MultiplayerGames/images/diagrams/Client-Serv
er.png>] (C:\Users\Vadim\workspace\MultiplayerGames\document.bbl
Missing character: There is no ï in font cmbx10!
Missing character: There is no ¿ in font cmbx10!
Missing character: There is no ½ in font cmbx10!

! Undefined control sequence.
l.40   \url
           {http://www.dacris.com/blog/2011/08/31/node-js-microsofts-web-emp...
The control sequence at the end of the top line
of your error message was never \def'ed. If you have
misspelled it (e.g., `\hobx'), type `I' and the correct
spelling (e.g., `I\hbox'). Otherwise just continue,
and I'll forget about whatever was undefined.


Underfull \hbox (badness 2932) in paragraph at lines 38--42
[][]\OT1/cmr/m/n/10 D. Soft-ware(dacris.com), ``\OT1/cmr/bx/n/10 Node.js: Mi-cr
osofts Web Em-pire is Com-ing to an End\OT1/cmr/m/n/10 .''
 []


Underfull \hbox (badness 10000) in paragraph at lines 38--42
\OT1/cmr/m/n/10 http://www.dacris.com/blog/2011/08/31/node-js-microsofts-web-em
pire-is-coming-to-an-end/, Au-gust
 []

! Undefined control sequence.
l.46   \url
           {http://zgadzaj.com/benchmarking-nodejs-basic-performance-tests-a...
The control sequence at the end of the top line
of your error message was never \def'ed. If you have
misspelled it (e.g., `\hobx'), type `I' and the correct
spelling (e.g., `I\hbox'). Otherwise just continue,
and I'll forget about whatever was undefined.

[42]
Missing character: There is no ï in font cmbx10!
Missing character: There is no ¿ in font cmbx10!
Missing character: There is no ½ in font cmbx10!
Missing character: There is no ï in font cmr10!
Missing character: There is no ¿ in font cmr10!
Missing character: There is no ½ in font cmr10!

! Undefined control sequence.
l.118   \url
            {http://stackoverflow.com/questions/13040752/websockets-udp-and-...
The control sequence at the end of the top line
of your error message was never \def'ed. If you have
misspelled it (e.g., `\hobx'), type `I' and the correct
spelling (e.g., `I\hbox'). Otherwise just continue,
and I'll forget about whatever was undefined.


Overfull \hbox (44.92921pt too wide) in paragraph at lines 117--120
[][]\OT1/cmr/m/n/10 T. Ober-stein, ``\OT1/cmr/bx/n/10 WebSockets, UDP, and benc
h-marks\OT1/cmr/m/n/10 .'' http://stackoverflow.com/questions/13040752/websocke
ts-
 []

) [43] (C:\Users\Vadim\workspace\MultiplayerGames\document.aux)

LaTeX Warning: There were undefined references.

 ) 
Here is how much of TeX's memory you used:
 2207 strings out of 494045
 34145 string characters out of 3145969
 91322 words of memory out of 3000000
 5482 multiletter control sequences out of 15000+200000
 9419 words of font info for 33 fonts, out of 3000000 for 9000
 715 hyphenation exceptions out of 8191
 27i,6n,31p,663b,269s stack positions out of 5000i,500n,10000p,200000b,50000s
<C:/Program Files (x86)/MiKTeX 2.9/fonts/type1/public/amsfonts/cm/cmbx10.pfb>
<C:/Program Files (x86)/MiKTeX 2.9/fonts/type1/public/amsfonts/cm/cmbx12.pfb><C
:/Program Files (x86)/MiKTeX 2.9/fonts/type1/public/amsfonts/cm/cmbxti10.pfb><C
:/Program Files (x86)/MiKTeX 2.9/fonts/type1/public/amsfonts/cm/cmmi10.pfb><C:/
Program Files (x86)/MiKTeX 2.9/fonts/type1/public/amsfonts/cm/cmr10.pfb><C:/Pro
gram Files (x86)/MiKTeX 2.9/fonts/type1/public/amsfonts/cm/cmr12.pfb><C:/Progra
m Files (x86)/MiKTeX 2.9/fonts/type1/public/amsfonts/cm/cmr17.pfb><C:/Program F
iles (x86)/MiKTeX 2.9/fonts/type1/public/amsfonts/cm/cmsl9.pfb><C:/Program File
s (x86)/MiKTeX 2.9/fonts/type1/public/amsfonts/cm/cmsy10.pfb><C:/Program Files 
(x86)/MiKTeX 2.9/fonts/type1/public/amsfonts/cm/cmti10.pfb>
Output written on document.pdf (43 pages, 3794690 bytes).
PDF statistics:
 207 PDF objects out of 1000 (max. 8388607)
 0 named destinations out of 1000 (max. 500000)
 96 words of extra memory for PDF output out of 10000 (max. 10000000)

