\BOOKMARK [1][-]{section.1}{Abstract}{}% 1
\BOOKMARK [1][-]{section.2}{Related work}{}% 2
\BOOKMARK [2][-]{subsection.2.1}{Introduction: Real Time Strategy games}{section.2}% 3
\BOOKMARK [3][-]{subsubsection.2.1.1}{What is Real Time Strategy?}{subsection.2.1}% 4
\BOOKMARK [3][-]{subsubsection.2.1.2}{Real Time Strateg versus Turn Based Strategy}{subsection.2.1}% 5
\BOOKMARK [2][-]{subsection.2.2}{Location-Based Augmented Reality Games}{section.2}% 6
\BOOKMARK [3][-]{subsubsection.2.2.1}{Location-based games}{subsection.2.2}% 7
\BOOKMARK [3][-]{subsubsection.2.2.2}{Types of GPS-based games}{subsection.2.2}% 8
\BOOKMARK [3][-]{subsubsection.2.2.3}{Physical games}{subsection.2.2}% 9
\BOOKMARK [2][-]{subsection.2.3}{Multiplayer ideas for a tour app}{section.2}% 10
\BOOKMARK [2][-]{subsection.2.4}{Ideas for Real Time Tactics games}{section.2}% 11
\BOOKMARK [2][-]{subsection.2.5}{Documentation on the Games}{section.2}% 12
\BOOKMARK [2][-]{subsection.2.6}{Purpose of the games}{section.2}% 13
\BOOKMARK [2][-]{subsection.2.7}{Implementation}{section.2}% 14
\BOOKMARK [3][-]{subsubsection.2.7.1}{Schedule}{subsection.2.7}% 15
\BOOKMARK [1][-]{section.3}{The game concept}{}% 16
\BOOKMARK [2][-]{subsection.3.1}{Purpose}{section.3}% 17
\BOOKMARK [2][-]{subsection.3.2}{Gameplay}{section.3}% 18
\BOOKMARK [1][-]{section.4}{Architecture}{}% 19
\BOOKMARK [2][-]{subsection.4.1}{Server}{section.4}% 20
\BOOKMARK [3][-]{subsubsection.4.1.1}{Managing connections}{subsection.4.1}% 21
\BOOKMARK [3][-]{subsubsection.4.1.2}{Relaying messages}{subsection.4.1}% 22
\BOOKMARK [2][-]{subsection.4.2}{Client}{section.4}% 23
\BOOKMARK [2][-]{subsection.4.3}{Communication}{section.4}% 24
\BOOKMARK [1][-]{section.5}{Development timeline}{}% 25
\BOOKMARK [2][-]{subsection.5.1}{The exploration phase}{section.5}% 26
\BOOKMARK [3][-]{subsubsection.5.1.1}{Creating the game concept}{subsection.5.1}% 27
\BOOKMARK [3][-]{subsubsection.5.1.2}{The game concept}{subsection.5.1}% 28
\BOOKMARK [2][-]{subsection.5.2}{The first development phase}{section.5}% 29
\BOOKMARK [3][-]{subsubsection.5.2.1}{The structure of the server}{subsection.5.2}% 30
\BOOKMARK [3][-]{subsubsection.5.2.2}{The Server}{subsection.5.2}% 31
\BOOKMARK [3][-]{subsubsection.5.2.3}{The Client}{subsection.5.2}% 32
\BOOKMARK [3][-]{subsubsection.5.2.4}{The UI}{subsection.5.2}% 33
\BOOKMARK [2][-]{subsection.5.3}{The first testing phase}{section.5}% 34
\BOOKMARK [2][-]{subsection.5.4}{The second develpment phase}{section.5}% 35
\BOOKMARK [3][-]{subsubsection.5.4.1}{The Server}{subsection.5.4}% 36
\BOOKMARK [3][-]{subsubsection.5.4.2}{The Client}{subsection.5.4}% 37
\BOOKMARK [3][-]{subsubsection.5.4.3}{Logging, Testing and Data Usage}{subsection.5.4}% 38
\BOOKMARK [3][-]{subsubsection.5.4.4}{The UI}{subsection.5.4}% 39
\BOOKMARK [2][-]{subsection.5.5}{The second testing phase}{section.5}% 40
\BOOKMARK [1][-]{section.6}{Agile planning}{}% 41
\BOOKMARK [2][-]{subsection.6.1}{Kanban}{section.6}% 42
\BOOKMARK [2][-]{subsection.6.2}{Unit Testing}{section.6}% 43
\BOOKMARK [2][-]{subsection.6.3}{Choosing the technologies}{section.6}% 44
\BOOKMARK [3][-]{subsubsection.6.3.1}{Unified vs. Native Frameworks}{subsection.6.3}% 45
\BOOKMARK [3][-]{subsubsection.6.3.2}{Communication Protocols}{subsection.6.3}% 46
\BOOKMARK [3][-]{subsubsection.6.3.3}{Google Maps API V1}{subsection.6.3}% 47
\BOOKMARK [3][-]{subsubsection.6.3.4}{Map Overlays}{subsection.6.3}% 48
\BOOKMARK [3][-]{subsubsection.6.3.5}{Google Maps API V2}{subsection.6.3}% 49
\BOOKMARK [3][-]{subsubsection.6.3.6}{Google Maps API V1 vs. V2}{subsection.6.3}% 50
\BOOKMARK [3][-]{subsubsection.6.3.7}{Android development}{subsection.6.3}% 51
\BOOKMARK [1][-]{section.7}{Future work}{}% 52
\BOOKMARK [1][-]{section.8}{Conclusion}{}% 53
\BOOKMARK [1][-]{section.9}{ANNEX A - Game and game platform websites}{}% 54
\BOOKMARK [1][-]{section.10}{ANNEX B - Game genre definitions}{}% 55
\BOOKMARK [1][-]{section.11}{ANNEX C - Websockets vs. TCP speed}{}% 56
\BOOKMARK [1][-]{section.12}{ANNEX D - Jackson vs. Gson}{}% 57
\BOOKMARK [1][-]{section.13}{ANNEX E - Overlay tutorial}{}% 58
\BOOKMARK [1][-]{section.14}{ANNEX F - Countdown buttons Tutorial}{}% 59
\BOOKMARK [1][-]{section.15}{Bibliography}{}% 60
