This is pdfTeX, Version 3.1415926-2.3-1.40.12 (MiKTeX 2.9) (preloaded format=pdflatex 2012.12.3)  24 MAY 2013 09:50
entering extended mode
**document.tex
(C:\Users\Vadim\workspace\MultiplayerGames\document.tex
LaTeX2e <2011/06/27>
Babel <v3.8m> and hyphenation patterns for english, afrikaans, ancientgreek, ar
abic, armenian, assamese, basque, bengali, bokmal, bulgarian, catalan, coptic, 
croatian, czech, danish, dutch, esperanto, estonian, farsi, finnish, french, ga
lician, german, german-x-2009-06-19, greek, gujarati, hindi, hungarian, iceland
ic, indonesian, interlingua, irish, italian, kannada, kurmanji, lao, latin, lat
vian, lithuanian, malayalam, marathi, mongolian, mongolianlmc, monogreek, ngerm
an, ngerman-x-2009-06-19, nynorsk, oriya, panjabi, pinyin, polish, portuguese, 
romanian, russian, sanskrit, serbian, slovak, slovenian, spanish, swedish, swis
sgerman, tamil, telugu, turkish, turkmen, ukenglish, ukrainian, uppersorbian, u
senglishmax, welsh, loaded.
("C:\Program Files (x86)\MiKTeX 2.9\tex\latex\base\article.cls"
Document Class: article 2007/10/19 v1.4h Standard LaTeX document class
("C:\Program Files (x86)\MiKTeX 2.9\tex\latex\base\size10.clo"
File: size10.clo 2007/10/19 v1.4h Standard LaTeX file (size option)
)
\c@part=\count79
\c@section=\count80
\c@subsection=\count81
\c@subsubsection=\count82
\c@paragraph=\count83
\c@subparagraph=\count84
\c@figure=\count85
\c@table=\count86
\abovecaptionskip=\skip41
\belowcaptionskip=\skip42
\bibindent=\dimen102
)
("C:\Program Files (x86)\MiKTeX 2.9\tex\latex\geometry\geometry.sty"
Package: geometry 2010/09/12 v5.6 Page Geometry

("C:\Program Files (x86)\MiKTeX 2.9\tex\latex\graphics\keyval.sty"
Package: keyval 1999/03/16 v1.13 key=value parser (DPC)
\KV@toks@=\toks14
)
("C:\Program Files (x86)\MiKTeX 2.9\tex\generic\oberdiek\ifpdf.sty"
Package: ifpdf 2011/01/30 v2.3 Provides the ifpdf switch (HO)
Package ifpdf Info: pdfTeX in PDF mode is detected.
)
("C:\Program Files (x86)\MiKTeX 2.9\tex\generic\oberdiek\ifvtex.sty"
Package: ifvtex 2010/03/01 v1.5 Detect VTeX and its facilities (HO)
Package ifvtex Info: VTeX not detected.
)
("C:\Program Files (x86)\MiKTeX 2.9\tex\generic\ifxetex\ifxetex.sty"
Package: ifxetex 2010/09/12 v0.6 Provides ifxetex conditional
)
\Gm@cnth=\count87
\Gm@cntv=\count88
\c@Gm@tempcnt=\count89
\Gm@bindingoffset=\dimen103
\Gm@wd@mp=\dimen104
\Gm@odd@mp=\dimen105
\Gm@even@mp=\dimen106
\Gm@layoutwidth=\dimen107
\Gm@layoutheight=\dimen108
\Gm@layouthoffset=\dimen109
\Gm@layoutvoffset=\dimen110
\Gm@dimlist=\toks15

("C:\Program Files (x86)\MiKTeX 2.9\tex\latex\geometry\geometry.cfg"))
("C:\Program Files (x86)\MiKTeX 2.9\tex\latex\natbib\natbib.sty"
Package: natbib 2010/09/13 8.31b (PWD, AO)
\bibhang=\skip43
\bibsep=\skip44
LaTeX Info: Redefining \cite on input line 694.
\c@NAT@ctr=\count90
)
("C:\Program Files (x86)\MiKTeX 2.9\tex\latex\graphics\graphicx.sty"
Package: graphicx 1999/02/16 v1.0f Enhanced LaTeX Graphics (DPC,SPQR)

("C:\Program Files (x86)\MiKTeX 2.9\tex\latex\graphics\graphics.sty"
Package: graphics 2009/02/05 v1.0o Standard LaTeX Graphics (DPC,SPQR)

("C:\Program Files (x86)\MiKTeX 2.9\tex\latex\graphics\trig.sty"
Package: trig 1999/03/16 v1.09 sin cos tan (DPC)
)
("C:\Program Files (x86)\MiKTeX 2.9\tex\latex\00miktex\graphics.cfg"
File: graphics.cfg 2007/01/18 v1.5 graphics configuration of teTeX/TeXLive
)
Package graphics Info: Driver file: pdftex.def on input line 91.

("C:\Program Files (x86)\MiKTeX 2.9\tex\latex\pdftex-def\pdftex.def"
File: pdftex.def 2011/05/27 v0.06d Graphics/color for pdfTeX

("C:\Program Files (x86)\MiKTeX 2.9\tex\generic\oberdiek\infwarerr.sty"
Package: infwarerr 2010/04/08 v1.3 Providing info/warning/error messages (HO)
)
("C:\Program Files (x86)\MiKTeX 2.9\tex\generic\oberdiek\ltxcmds.sty"
Package: ltxcmds 2011/11/09 v1.22 LaTeX kernel commands for general use (HO)
)
\Gread@gobject=\count91
))
\Gin@req@height=\dimen111
\Gin@req@width=\dimen112
)
("C:\Program Files (x86)\MiKTeX 2.9\tex\latex\hyperref\hyperref.sty"
Package: hyperref 2012/05/13 v6.82q Hypertext links for LaTeX

("C:\Program Files (x86)\MiKTeX 2.9\tex\generic\oberdiek\hobsub-hyperref.sty"
Package: hobsub-hyperref 2012/04/25 v1.12 Bundle oberdiek, subset hyperref (HO)


("C:\Program Files (x86)\MiKTeX 2.9\tex\generic\oberdiek\hobsub-generic.sty"
Package: hobsub-generic 2012/04/25 v1.12 Bundle oberdiek, subset generic (HO)
Package: hobsub 2012/04/25 v1.12 Construct package bundles (HO)
Package hobsub Info: Skipping package `infwarerr' (already loaded).
Package hobsub Info: Skipping package `ltxcmds' (already loaded).
Package: ifluatex 2010/03/01 v1.3 Provides the ifluatex switch (HO)
Package ifluatex Info: LuaTeX not detected.
Package hobsub Info: Skipping package `ifvtex' (already loaded).
Package: intcalc 2007/09/27 v1.1 Expandable calculations with integers (HO)
Package hobsub Info: Skipping package `ifpdf' (already loaded).
Package: etexcmds 2011/02/16 v1.5 Avoid name clashes with e-TeX commands (HO)
Package etexcmds Info: Could not find \expanded.
(etexcmds)             That can mean that you are not using pdfTeX 1.50 or
(etexcmds)             that some package has redefined \expanded.
(etexcmds)             In the latter case, load this package earlier.
Package: kvsetkeys 2012/04/25 v1.16 Key value parser (HO)
Package: kvdefinekeys 2011/04/07 v1.3 Define keys (HO)
Package: pdftexcmds 2011/11/29 v0.20 Utility functions of pdfTeX for LuaTeX (HO
)
Package pdftexcmds Info: LuaTeX not detected.
Package pdftexcmds Info: \pdf@primitive is available.
Package pdftexcmds Info: \pdf@ifprimitive is available.
Package pdftexcmds Info: \pdfdraftmode found.
Package: pdfescape 2011/11/25 v1.13 Implements pdfTeX's escape features (HO)
Package: bigintcalc 2012/04/08 v1.3 Expandable calculations on big integers (HO
)
Package: bitset 2011/01/30 v1.1 Handle bit-vector datatype (HO)
Package: uniquecounter 2011/01/30 v1.2 Provide unlimited unique counter (HO)
)
Package hobsub Info: Skipping package `hobsub' (already loaded).
Package: letltxmacro 2010/09/02 v1.4 Let assignment for LaTeX macros (HO)
Package: hopatch 2011/06/24 v1.1 Wrapper for package hooks (HO)
Package: xcolor-patch 2011/01/30 xcolor patch
Package: atveryend 2011/06/30 v1.8 Hooks at the very end of document (HO)
Package atveryend Info: \enddocument detected (standard20110627).
Package: atbegshi 2011/10/05 v1.16 At begin shipout hook (HO)
Package: refcount 2011/10/16 v3.4 Data extraction from label references (HO)
Package: hycolor 2011/01/30 v1.7 Color options for hyperref/bookmark (HO)
)
("C:\Program Files (x86)\MiKTeX 2.9\tex\latex\oberdiek\kvoptions.sty"
Package: kvoptions 2011/06/30 v3.11 Key value format for package options (HO)
)
\@linkdim=\dimen113
\Hy@linkcounter=\count92
\Hy@pagecounter=\count93

("C:\Program Files (x86)\MiKTeX 2.9\tex\latex\hyperref\pd1enc.def"
File: pd1enc.def 2012/05/13 v6.82q Hyperref: PDFDocEncoding definition (HO)
)
\Hy@SavedSpaceFactor=\count94

("C:\Program Files (x86)\MiKTeX 2.9\tex\latex\00miktex\hyperref.cfg"
File: hyperref.cfg 2002/06/06 v1.2 hyperref configuration of TeXLive
)
Package hyperref Info: Hyper figures OFF on input line 4062.
Package hyperref Info: Link nesting OFF on input line 4067.
Package hyperref Info: Hyper index ON on input line 4070.
Package hyperref Info: Plain pages OFF on input line 4077.
Package hyperref Info: Backreferencing OFF on input line 4082.
Package hyperref Info: Implicit mode ON; LaTeX internals redefined.
Package hyperref Info: Bookmarks ON on input line 4300.
\c@Hy@tempcnt=\count95

("C:\Program Files (x86)\MiKTeX 2.9\tex\latex\ltxmisc\url.sty"
\Urlmuskip=\muskip10
Package: url 2006/04/12  ver 3.3  Verb mode for urls, etc.
)
LaTeX Info: Redefining \url on input line 4653.
\Fld@menulength=\count96
\Field@Width=\dimen114
\Fld@charsize=\dimen115
Package hyperref Info: Hyper figures OFF on input line 5773.
Package hyperref Info: Link nesting OFF on input line 5778.
Package hyperref Info: Hyper index ON on input line 5781.
Package hyperref Info: backreferencing OFF on input line 5788.
Package hyperref Info: Link coloring OFF on input line 5793.
Package hyperref Info: Link coloring with OCG OFF on input line 5798.
Package hyperref Info: PDF/A mode OFF on input line 5803.
LaTeX Info: Redefining \ref on input line 5843.
LaTeX Info: Redefining \pageref on input line 5847.
\Hy@abspage=\count97
\c@Item=\count98
\c@Hfootnote=\count99
)

Package hyperref Message: Driver (autodetected): hpdftex.

("C:\Program Files (x86)\MiKTeX 2.9\tex\latex\hyperref\hpdftex.def"
File: hpdftex.def 2012/05/13 v6.82q Hyperref driver for pdfTeX
\Fld@listcount=\count100
\c@bookmark@seq@number=\count101

("C:\Program Files (x86)\MiKTeX 2.9\tex\latex\oberdiek\rerunfilecheck.sty"
Package: rerunfilecheck 2011/04/15 v1.7 Rerun checks for auxiliary files (HO)
Package uniquecounter Info: New unique counter `rerunfilecheck' on input line 2
82.
)
\Hy@SectionHShift=\skip45
)
(C:\Users\Vadim\workspace\MultiplayerGames\document.aux

! Package natbib Error: Bibliography not compatible with author-year citations.

(natbib)                Press <return> to continue in numerical citation style.


See the natbib package documentation for explanation.
Type  H <return>  for immediate help.
 ...                                              
                                                  
l.208 ...and\NAT@force@numbers{}\NAT@force@numbers
                                                  
Check the bibliography entries for non-compliant syntax,
or select author-year BibTeX style, e.g. plainnat

)
LaTeX Font Info:    Checking defaults for OML/cmm/m/it on input line 34.
LaTeX Font Info:    ... okay on input line 34.
LaTeX Font Info:    Checking defaults for T1/cmr/m/n on input line 34.
LaTeX Font Info:    ... okay on input line 34.
LaTeX Font Info:    Checking defaults for OT1/cmr/m/n on input line 34.
LaTeX Font Info:    ... okay on input line 34.
LaTeX Font Info:    Checking defaults for OMS/cmsy/m/n on input line 34.
LaTeX Font Info:    ... okay on input line 34.
LaTeX Font Info:    Checking defaults for OMX/cmex/m/n on input line 34.
LaTeX Font Info:    ... okay on input line 34.
LaTeX Font Info:    Checking defaults for U/cmr/m/n on input line 34.
LaTeX Font Info:    ... okay on input line 34.
LaTeX Font Info:    Checking defaults for PD1/pdf/m/n on input line 34.
LaTeX Font Info:    ... okay on input line 34.

*geometry* driver: auto-detecting
*geometry* detected driver: pdftex
*geometry* verbose mode - [ preamble ] result:
* driver: pdftex
* paper: a4paper
* layout: <same size as paper>
* layoutoffset:(h,v)=(0.0pt,0.0pt)
* modes: 
* h-part:(L,W,R)=(85.35826pt, 426.79135pt, 85.35826pt)
* v-part:(T,H,B)=(113.81102pt, 617.4248pt, 113.81102pt)
* \paperwidth=597.50787pt
* \paperheight=845.04684pt
* \textwidth=426.79135pt
* \textheight=617.4248pt
* \oddsidemargin=13.08827pt
* \evensidemargin=13.08827pt
* \topmargin=4.54103pt
* \headheight=12.0pt
* \headsep=25.0pt
* \topskip=10.0pt
* \footskip=30.0pt
* \marginparwidth=65.0pt
* \marginparsep=11.0pt
* \columnsep=10.0pt
* \skip\footins=9.0pt plus 4.0pt minus 2.0pt
* \hoffset=0.0pt
* \voffset=0.0pt
* \mag=1000
* \@twocolumnfalse
* \@twosidefalse
* \@mparswitchfalse
* \@reversemarginfalse
* (1in=72.27pt=25.4mm, 1cm=28.453pt)

("C:\Program Files (x86)\MiKTeX 2.9\tex\context\base\supp-pdf.mkii"
[Loading MPS to PDF converter (version 2006.09.02).]
\scratchcounter=\count102
\scratchdimen=\dimen116
\scratchbox=\box26
\nofMPsegments=\count103
\nofMParguments=\count104
\everyMPshowfont=\toks16
\MPscratchCnt=\count105
\MPscratchDim=\dimen117
\MPnumerator=\count106
\makeMPintoPDFobject=\count107
\everyMPtoPDFconversion=\toks17
)
\AtBeginShipoutBox=\box27
Package hyperref Info: Link coloring OFF on input line 34.
 ("C:\Program Files (x86)\MiKTeX 2.9\tex\latex\hyperref\nameref.sty"
Package: nameref 2010/04/30 v2.40 Cross-referencing by name of section

("C:\Program Files (x86)\MiKTeX 2.9\tex\generic\oberdiek\gettitlestring.sty"
Package: gettitlestring 2010/12/03 v1.4 Cleanup title references (HO)
)
\c@section@level=\count108
)
LaTeX Info: Redefining \ref on input line 34.
LaTeX Info: Redefining \pageref on input line 34.
LaTeX Info: Redefining \nameref on input line 34.

(C:\Users\Vadim\workspace\MultiplayerGames\document.out)
(C:\Users\Vadim\workspace\MultiplayerGames\document.out)
\@outlinefile=\write3
LaTeX Font Info:    External font `cmex10' loaded for size
(Font)              <12> on input line 37.
LaTeX Font Info:    External font `cmex10' loaded for size
(Font)              <8> on input line 37.
LaTeX Font Info:    External font `cmex10' loaded for size
(Font)              <6> on input line 37.

(C:\Users\Vadim\workspace\MultiplayerGames\document.toc
LaTeX Font Info:    External font `cmex10' loaded for size
(Font)              <7> on input line 5.
LaTeX Font Info:    External font `cmex10' loaded for size
(Font)              <5> on input line 5.
 [1

{C:/ProgramData/MiKTeX/2.9/pdftex/config/pdftex.map}] [2])
\tf@toc=\write4
 [3]
Underfull \hbox (badness 10000) in paragraph at lines 64--70

 []


Underfull \hbox (badness 10000) in paragraph at lines 71--76

 []


Underfull \hbox (badness 10000) in paragraph at lines 77--82

 []


Underfull \hbox (badness 10000) in paragraph at lines 83--87

 []


Underfull \hbox (badness 10000) in paragraph at lines 88--91

 []


Underfull \hbox (badness 10000) in paragraph at lines 92--94

 []


Underfull \hbox (badness 10000) in paragraph at lines 120--123

 []

[4]
Underfull \hbox (badness 10000) in paragraph at lines 124--129

 []


Underfull \hbox (badness 10000) in paragraph at lines 130--139

 []


Underfull \hbox (badness 10000) in paragraph at lines 142--148

 []


Underfull \hbox (badness 10000) in paragraph at lines 149--151

 []

[5]
Underfull \hbox (badness 10000) in paragraph at lines 152--157

 []


Underfull \hbox (badness 10000) in paragraph at lines 160--166

 []


Underfull \hbox (badness 10000) in paragraph at lines 167--179

 []


Underfull \hbox (badness 10000) in paragraph at lines 186--188

 []


Underfull \hbox (badness 10000) in paragraph at lines 189--194

 []


Underfull \hbox (badness 10000) in paragraph at lines 195--199

 []


Underfull \hbox (badness 10000) in paragraph at lines 204--210

 []

[6]
Underfull \hbox (badness 10000) in paragraph at lines 229--235

 []

[7]
Underfull \hbox (badness 10000) in paragraph at lines 334--345

 []

[8]
Underfull \hbox (badness 10000) in paragraph at lines 366--370

 []


Underfull \hbox (badness 10000) in paragraph at lines 371--374

 []

[9]
Underfull \hbox (badness 10000) in paragraph at lines 413--420

 []


Underfull \hbox (badness 10000) in paragraph at lines 421--423

 []


Underfull \hbox (badness 10000) in paragraph at lines 424--430

 []


Underfull \hbox (badness 10000) in paragraph at lines 442--450

 []


Underfull \hbox (badness 10000) in paragraph at lines 451--454

 []


Underfull \hbox (badness 10000) in paragraph at lines 456--461

 []

[10]
Underfull \hbox (badness 10000) in paragraph at lines 526--529

 []

[11]
Underfull \hbox (badness 10000) in paragraph at lines 530--534

 []


Overfull \hbox (92.22362pt too wide) in paragraph at lines 565--573
[]\OT1/cmr/m/n/10 Extensive doc-u-men-ta-tion has been found from re-search don
e on education-oriented GPS-games.([])([])([])([])([])([]),
 []


Underfull \hbox (badness 10000) in paragraph at lines 565--573

 []


Underfull \hbox (badness 10000) in paragraph at lines 574--578

 []


Underfull \hbox (badness 10000) in paragraph at lines 579--583

 []

[12]
Underfull \hbox (badness 10000) in paragraph at lines 624--627

 []


Underfull \hbox (badness 10000) in paragraph at lines 628--629

 []

[13] [14]
Underfull \hbox (badness 10000) in paragraph at lines 733--737

 []


Underfull \hbox (badness 10000) in paragraph at lines 754--758

 []


Underfull \hbox (badness 10000) in paragraph at lines 759--771

 []


Underfull \hbox (badness 10000) in paragraph at lines 774--779

 []


Underfull \hbox (badness 10000) in paragraph at lines 780--788

 []

[15]
Underfull \hbox (badness 10000) in paragraph at lines 789--793

 []

[16]
Underfull \hbox (badness 10000) in paragraph at lines 880--886

 []


Underfull \hbox (badness 10000) in paragraph at lines 887--905

 []

[17]
Underfull \hbox (badness 10000) in paragraph at lines 906--914

 []


Underfull \hbox (badness 10000) in paragraph at lines 915--933

 []


Underfull \hbox (badness 10000) in paragraph at lines 934--939

 []


Underfull \hbox (badness 10000) in paragraph at lines 958--962

 []

[18]
Underfull \hbox (badness 10000) in paragraph at lines 966--972

 []


Underfull \hbox (badness 10000) in paragraph at lines 973--982

 []


Underfull \hbox (badness 10000) in paragraph at lines 983--992

 []


Underfull \hbox (badness 10000) in paragraph at lines 993--1002

 []


Underfull \hbox (badness 10000) in paragraph at lines 1003--1010

 []

[19]
Underfull \hbox (badness 10000) in paragraph at lines 1045--1049

 []


Underfull \hbox (badness 10000) in paragraph at lines 1051--1058

 []


Underfull \hbox (badness 10000) in paragraph at lines 1085--1090

 []

[20] [21]
Underfull \hbox (badness 10000) in paragraph at lines 1155--1157

 []


Underfull \hbox (badness 10000) in paragraph at lines 1158--1167

 []


Underfull \hbox (badness 10000) in paragraph at lines 1195--1201

 []


Underfull \hbox (badness 10000) in paragraph at lines 1202--1206

 []

[22]
Underfull \hbox (badness 10000) in paragraph at lines 1238--1240

 []

[23]
Underfull \hbox (badness 10000) in paragraph at lines 1302--1318

 []


Underfull \hbox (badness 10000) in paragraph at lines 1319--1321

 []


Underfull \hbox (badness 10000) in paragraph at lines 1322--1328

 []


Underfull \hbox (badness 10000) in paragraph at lines 1329--1342

 []

[24]
Underfull \hbox (badness 10000) in paragraph at lines 1343--1345

 []


Overfull \hbox (15.12613pt too wide) in paragraph at lines 1354--1356
[][]\OT1/cmr/m/n/10 The client uses seven frag-ments for the UI: 'Main Menu', '
Info and Tu-to-ri-als', 'Set-tings', 'Lobby','Lobby
 []

[25]
Underfull \hbox (badness 10000) in paragraph at lines 1432--1435

 []


Underfull \hbox (badness 10000) in paragraph at lines 1436--1442

 []


Underfull \hbox (badness 10000) in paragraph at lines 1443--1470

 []

[26]
Overfull \hbox (15.12613pt too wide) in paragraph at lines 1487--1489
[][]\OT1/cmr/m/n/10 The client uses seven frag-ments for the UI: 'Main Menu', '
Info and Tu-to-ri-als', 'Set-tings', 'Lobby','Lobby
 []


LaTeX Warning: Reference `fig:game_logo' on page 27 undefined on input line 149
3.


LaTeX Warning: Reference `fig:game_background_black' on page 27 undefined on in
put line 1513.


LaTeX Warning: Reference `fig:game_background_white' on page 27 undefined on in
put line 1513.


LaTeX Warning: Reference `fig:game_background_lobby_settings' on page 27 undefi
ned on input line 1517.


Underfull \hbox (badness 10000) in paragraph at lines 1536--1543

 []

[27]
Underfull \hbox (badness 10000) in paragraph at lines 1544--1557

 []


Underfull \hbox (badness 10000) in paragraph at lines 1558--1563

 []


Underfull \hbox (badness 10000) in paragraph at lines 1564--1566

 []

<./images/android_screenshots/tutorial_game.png, id=666, 963.6pt x 578.16pt>
File: ./images/android_screenshots/tutorial_game.png Graphic file (type png)

<use ./images/android_screenshots/tutorial_game.png>
Package pdftex.def Info: ./images/android_screenshots/tutorial_game.png used on
 input line 1568.
(pdftex.def)             Requested size: 450.23076pt x 252.94437pt.

Overfull \hbox (23.4394pt too wide) in paragraph at lines 1568--1569
[][][] 
 []


Overfull \hbox (17.60454pt too wide) in paragraph at lines 1579--1591
[][]\OT1/cmr/bx/n/10 The bot-tom of the screen, start-ing from the bottom-left 
cor-ner\OT1/cmr/m/n/10 : The 'weapon'/'powerup'
 []

[28] [29 <C:/Users/Vadim/workspace/MultiplayerGames/images/android_screenshots/
tutorial_game.png>]
Underfull \hbox (badness 10000) in paragraph at lines 1641--1650

 []


Underfull \hbox (badness 10000) in paragraph at lines 1651--1656

 []


Underfull \hbox (badness 10000) in paragraph at lines 1657--1670

 []


Underfull \hbox (badness 10000) in paragraph at lines 1690--1694

 []


Underfull \hbox (badness 10000) in paragraph at lines 1695--1697

 []


Underfull \hbox (badness 10000) in paragraph at lines 1698--1704

 []

[30]
Underfull \hbox (badness 10000) in paragraph at lines 1706--1718

 []


Underfull \hbox (badness 10000) in paragraph at lines 1719--1724

 []


Underfull \hbox (badness 10000) in paragraph at lines 1725--1727

 []


Underfull \hbox (badness 10000) in paragraph at lines 1738--1743

 []

[31]
Underfull \hbox (badness 10000) in paragraph at lines 1767--1770

 []


Underfull \hbox (badness 10000) in paragraph at lines 1771--1773

 []


Underfull \hbox (badness 10000) in paragraph at lines 1774--1779

 []


Underfull \hbox (badness 10000) in paragraph at lines 1780--1800

 []


Underfull \hbox (badness 10000) in paragraph at lines 1801--1803

 []


<./images/android_screenshots/ui_prototype/UI_prototype_1.png, id=703, 1284.8pt
 x 770.88pt>
File: ./images/android_screenshots/ui_prototype/UI_prototype_1.png Graphic file
 (type png)

<use ./images/android_screenshots/ui_prototype/UI_prototype_1.png>
Package pdftex.def Info: ./images/android_screenshots/ui_prototype/UI_prototype
_1.png used on input line 1806.
(pdftex.def)             Requested size: 450.23567pt x 252.94438pt.

Overfull \hbox (23.44432pt too wide) in paragraph at lines 1806--1807
[][][] 
 []


<./images/android_screenshots/ui_prototype/UI_prototype_2.png, id=704, 1284.8pt
 x 770.88pt>
File: ./images/android_screenshots/ui_prototype/UI_prototype_2.png Graphic file
 (type png)

<use ./images/android_screenshots/ui_prototype/UI_prototype_2.png>
Package pdftex.def Info: ./images/android_screenshots/ui_prototype/UI_prototype
_2.png used on input line 1811.
(pdftex.def)             Requested size: 450.23567pt x 252.94438pt.

Overfull \hbox (23.44432pt too wide) in paragraph at lines 1811--1812
[][][] 
 []


<./images/android_screenshots/ui_prototype/UI_prototype_3.png, id=705, 1284.8pt
 x 770.88pt>
File: ./images/android_screenshots/ui_prototype/UI_prototype_3.png Graphic file
 (type png)

<use ./images/android_screenshots/ui_prototype/UI_prototype_3.png>
Package pdftex.def Info: ./images/android_screenshots/ui_prototype/UI_prototype
_3.png used on input line 1816.
(pdftex.def)             Requested size: 450.23567pt x 252.94438pt.

Overfull \hbox (23.44432pt too wide) in paragraph at lines 1816--1817
[][][] 
 []


<./images/android_screenshots/ui_prototype/UI_prototype_4.png, id=706, 1284.8pt
 x 770.88pt>
File: ./images/android_screenshots/ui_prototype/UI_prototype_4.png Graphic file
 (type png)

<use ./images/android_screenshots/ui_prototype/UI_prototype_4.png>
Package pdftex.def Info: ./images/android_screenshots/ui_prototype/UI_prototype
_4.png used on input line 1821.
(pdftex.def)             Requested size: 450.23567pt x 252.94438pt.

Overfull \hbox (23.44432pt too wide) in paragraph at lines 1821--1822
[][][] 
 []


<./images/android_screenshots/ui_prototype/UI_prototype_5.png, id=707, 1284.8pt
 x 770.88pt>
File: ./images/android_screenshots/ui_prototype/UI_prototype_5.png Graphic file
 (type png)

<use ./images/android_screenshots/ui_prototype/UI_prototype_5.png>
Package pdftex.def Info: ./images/android_screenshots/ui_prototype/UI_prototype
_5.png used on input line 1826.
(pdftex.def)             Requested size: 450.23567pt x 252.94438pt.

Overfull \hbox (23.44432pt too wide) in paragraph at lines 1826--1827
[][][] 
 []


<./images/android_screenshots/menu_prototype/MENU_prototype_1.png, id=710, 1284
.8pt x 770.88pt>
File: ./images/android_screenshots/menu_prototype/MENU_prototype_1.png Graphic 
file (type png)

<use ./images/android_screenshots/menu_prototype/MENU_prototype_1.png>
Package pdftex.def Info: ./images/android_screenshots/menu_prototype/MENU_proto
type_1.png used on input line 1845.
(pdftex.def)             Requested size: 450.23567pt x 252.94438pt.

Overfull \hbox (23.44432pt too wide) in paragraph at lines 1845--1846
[][][] 
 []


<./images/android_screenshots/menu_prototype/MENU_prototype_2.png, id=711, 1284
.8pt x 770.88pt>
File: ./images/android_screenshots/menu_prototype/MENU_prototype_2.png Graphic 
file (type png)

<use ./images/android_screenshots/menu_prototype/MENU_prototype_2.png>
Package pdftex.def Info: ./images/android_screenshots/menu_prototype/MENU_proto
type_2.png used on input line 1850.
(pdftex.def)             Requested size: 450.23567pt x 252.94438pt.

Overfull \hbox